GROUP,PACKAGE,CLASS,INSTRUCTION_MISSED,INSTRUCTION_COVERED,BRANCH_MISSED,BRANCH_COVERED,LINE_MISSED,LINE_COVERED,COMPLEXITY_MISSED,COMPLEXITY_COVERED,METHOD_MISSED,METHOD_COVERED
,com.Shubh.Module7.M7_TestingMethodologies.service,EmployeeServiceImpl,0,173,0,4,0,34,0,11,0,9
,com.Shubh.Module7.M7_TestingMethodologies.config,AppConfig,7,0,0,0,2,0,2,0,2,0
,com.Shubh.Module7.M7_TestingMethodologies.controller,EmployeeController,35,0,0,0,6,0,5,0,5,0
,com.Shubh.Module7.M7_TestingMethodologies.exception,DuplicateResourceException,0,4,0,0,0,2,0,1,0,1
,com.Shubh.Module7.M7_TestingMethodologies.exception,GlobalExceptionHandler,12,0,0,0,4,0,4,0,4,0
,com.Shubh.Module7.M7_TestingMethodologies.exception,ResourceNotFoundException,0,4,0,0,0,2,0,1,0,1
,com.Shubh.Module7.M7_TestingMethodologies,M7TestingMethodologiesApplication,5,3,0,0,2,1,1,1,1,1
